  PluginEditor.cpp
  PluginProcessor.cpp
C:\Users\Jacob\Documents\Juce Projects\Gain\Source\PluginProcessor.h(34,32): warning C4100: 'index': unreferenced formal parameter (compiling source file ..\..\Source\PluginProcessor.cpp)
C:\Users\Jacob\Documents\Juce Projects\Gain\Source\PluginProcessor.h(35,43): warning C4100: 'index': unreferenced formal parameter (compiling source file ..\..\Source\PluginProcessor.cpp)
C:\Users\Jacob\Documents\Juce Projects\Gain\Source\PluginProcessor.h(36,59): warning C4100: 'newName': unreferenced formal parameter (compiling source file ..\..\Source\PluginProcessor.cpp)
C:\Users\Jacob\Documents\Juce Projects\Gain\Source\PluginProcessor.h(36,32): warning C4100: 'index': unreferenced formal parameter (compiling source file ..\..\Source\PluginProcessor.cpp)
C:\Users\Jacob\Documents\Juce Projects\Gain\Source\Meter.h(33,139): warning C4100: 'isButtonClicked': unreferenced formal parameter (compiling source file ..\..\Source\PluginProcessor.cpp)
C:\Users\Jacob\Documents\Juce Projects\Gain\Source\Meter.h(33,115): warning C4100: 'isMouseOverButton': unreferenced formal parameter (compiling source file ..\..\Source\PluginProcessor.cpp)
C:\Users\Jacob\Documents\Juce Projects\Gain\Source\Meter.h(33,92): warning C4100: 'backgroundColour': unreferenced formal parameter (compiling source file ..\..\Source\PluginProcessor.cpp)
C:\Users\Jacob\Documents\Juce Projects\Gain\Source\Meter.h(47,139): warning C4100: 'isButtonClicked': unreferenced formal parameter (compiling source file ..\..\Source\PluginProcessor.cpp)
C:\Users\Jacob\Documents\Juce Projects\Gain\Source\Meter.h(47,115): warning C4100: 'isMouseOverButton': unreferenced formal parameter (compiling source file ..\..\Source\PluginProcessor.cpp)
C:\Users\Jacob\Documents\Juce Projects\Gain\Source\Meter.h(47,92): warning C4100: 'backgroundColour': unreferenced formal parameter (compiling source file ..\..\Source\PluginProcessor.cpp)
C:\Users\Jacob\Documents\Juce Projects\Gain\Source\PluginProcessor.h(34,32): warning C4100: 'index': unreferenced formal parameter (compiling source file ..\..\Source\PluginEditor.cpp)
C:\Users\Jacob\Documents\Juce Projects\Gain\Source\PluginProcessor.h(35,43): warning C4100: 'index': unreferenced formal parameter (compiling source file ..\..\Source\PluginEditor.cpp)
C:\Users\Jacob\Documents\Juce Projects\Gain\Source\PluginProcessor.h(36,59): warning C4100: 'newName': unreferenced formal parameter (compiling source file ..\..\Source\PluginEditor.cpp)
C:\Users\Jacob\Documents\Juce Projects\Gain\Source\PluginProcessor.h(36,32): warning C4100: 'index': unreferenced formal parameter (compiling source file ..\..\Source\PluginEditor.cpp)
C:\Users\Jacob\Documents\Juce Projects\Gain\Source\Meter.h(33,139): warning C4100: 'isButtonClicked': unreferenced formal parameter (compiling source file ..\..\Source\PluginEditor.cpp)
C:\Users\Jacob\Documents\Juce Projects\Gain\Source\Meter.h(33,115): warning C4100: 'isMouseOverButton': unreferenced formal parameter (compiling source file ..\..\Source\PluginEditor.cpp)
C:\Users\Jacob\Documents\Juce Projects\Gain\Source\Meter.h(33,92): warning C4100: 'backgroundColour': unreferenced formal parameter (compiling source file ..\..\Source\PluginEditor.cpp)
C:\Users\Jacob\Documents\Juce Projects\Gain\Source\Meter.h(47,139): warning C4100: 'isButtonClicked': unreferenced formal parameter (compiling source file ..\..\Source\PluginEditor.cpp)
C:\Users\Jacob\Documents\Juce Projects\Gain\Source\Meter.h(47,115): warning C4100: 'isMouseOverButton': unreferenced formal parameter (compiling source file ..\..\Source\PluginEditor.cpp)
C:\Users\Jacob\Documents\Juce Projects\Gain\Source\Meter.h(47,92): warning C4100: 'backgroundColour': unreferenced formal parameter (compiling source file ..\..\Source\PluginEditor.cpp)
C:\Users\Jacob\Documents\Juce Projects\Gain\Source\GainLookAndFeel.h(52,139): warning C4100: 'isButtonClicked': unreferenced formal parameter (compiling source file ..\..\Source\PluginProcessor.cpp)
C:\Users\Jacob\Documents\Juce Projects\Gain\Source\GainLookAndFeel.h(52,115): warning C4100: 'isMouseOverButton': unreferenced formal parameter (compiling source file ..\..\Source\PluginProcessor.cpp)
C:\Users\Jacob\Documents\Juce Projects\Gain\Source\GainLookAndFeel.h(52,92): warning C4100: 'backgroundColour': unreferenced formal parameter (compiling source file ..\..\Source\PluginProcessor.cpp)
C:\Users\Jacob\Documents\Juce Projects\Gain\Source\GainLookAndFeel.h(83,99): warning C4100: 'isButtonClicked': unreferenced formal parameter (compiling source file ..\..\Source\PluginProcessor.cpp)
C:\Users\Jacob\Documents\Juce Projects\Gain\Source\GainLookAndFeel.h(83,75): warning C4100: 'isMouseOverButton': unreferenced formal parameter (compiling source file ..\..\Source\PluginProcessor.cpp)
C:\Users\Jacob\Documents\Juce Projects\Gain\Source\GainLookAndFeel.h(52,139): warning C4100: 'isButtonClicked': unreferenced formal parameter (compiling source file ..\..\Source\PluginEditor.cpp)
C:\Users\Jacob\Documents\Juce Projects\Gain\Source\GainLookAndFeel.h(52,115): warning C4100: 'isMouseOverButton': unreferenced formal parameter (compiling source file ..\..\Source\PluginEditor.cpp)
C:\Users\Jacob\Documents\Juce Projects\Gain\Source\GainLookAndFeel.h(52,92): warning C4100: 'backgroundColour': unreferenced formal parameter (compiling source file ..\..\Source\PluginEditor.cpp)
C:\Users\Jacob\Documents\Juce Projects\Gain\Source\GainLookAndFeel.h(83,99): warning C4100: 'isButtonClicked': unreferenced formal parameter (compiling source file ..\..\Source\PluginEditor.cpp)
C:\Users\Jacob\Documents\Juce Projects\Gain\Source\GainLookAndFeel.h(83,75): warning C4100: 'isMouseOverButton': unreferenced formal parameter (compiling source file ..\..\Source\PluginEditor.cpp)
C:\Users\Jacob\Documents\Juce Projects\Gain\Source\PluginProcessor.cpp(33,63): warning C4100: 'samplesPerBlock': unreferenced formal parameter
C:\Users\Jacob\Documents\Juce Projects\Gain\Source\PluginProcessor.cpp(33,47): warning C4100: 'sampleRate': unreferenced formal parameter
C:\Users\Jacob\Documents\Juce Projects\Gain\Source\PluginProcessor.cpp(39,91): warning C4100: 'midiMessages': unreferenced formal parameter
  Gain_SharedCode.vcxproj -> C:\Users\Jacob\Documents\Juce Projects\Gain\Builds\VisualStudio2019\x64\Release\Shared Code\Gain.lib
